[32m[Nest] 42360  - [39m01/18/2026, 2:05:23 PM [32m    LOG[39m [38;5;3m[NestFactory] [39m[32mStarting Nest application...[39m
[32m[Nest] 42360  - [39m01/18/2026, 2:05:23 PM [32m    LOG[39m [38;5;3m[InstanceLoader] [39m[32mDatabaseModule dependencies initialized[39m[38;5;3m +32ms[39m
[32m[Nest] 42360  - [39m01/18/2026, 2:05:23 PM [32m    LOG[39m [38;5;3m[InstanceLoader] [39m[32mTypeOrmModule dependencies initialized[39m[38;5;3m +0ms[39m
[32m[Nest] 42360  - [39m01/18/2026, 2:05:23 PM [32m    LOG[39m [38;5;3m[InstanceLoader] [39m[32mPassportModule dependencies initialized[39m[38;5;3m +0ms[39m
[32m[Nest] 42360  - [39m01/18/2026, 2:05:23 PM [32m    LOG[39m [38;5;3m[InstanceLoader] [39m[32mConfigHostModule dependencies initialized[39m[38;5;3m +1ms[39m
[32m[Nest] 42360  - [39m01/18/2026, 2:05:23 PM [32m    LOG[39m [38;5;3m[InstanceLoader] [39m[32mWhatsappErrorModule dependencies initialized[39m[38;5;3m +0ms[39m
[32m[Nest] 42360  - [39m01/18/2026, 2:05:23 PM [32m    LOG[39m [38;5;3m[InstanceLoader] [39m[32mWhatsappChatLabelModule dependencies initialized[39m[38;5;3m +0ms[39m
[32m[Nest] 42360  - [39m01/18/2026, 2:05:23 PM [32m    LOG[39m [38;5;3m[InstanceLoader] [39m[32mWhatsappMessageContentModule dependencies initialized[39m[38;5;3m +0ms[39m
[32m[Nest] 42360  - [39m01/18/2026, 2:05:23 PM [32m    LOG[39m [38;5;3m[InstanceLoader] [39m[32mWhatsappCustomerModule dependencies initialized[39m[38;5;3m +0ms[39m
[32m[Nest] 42360  - [39m01/18/2026, 2:05:23 PM [32m    LOG[39m [38;5;3m[InstanceLoader] [39m[32mWhatsappContactsModule dependencies initialized[39m[38;5;3m +0ms[39m
[32m[Nest] 42360  - [39m01/18/2026, 2:05:23 PM [32m    LOG[39m [38;5;3m[InstanceLoader] [39m[32mWhatsappMediaModule dependencies initialized[39m[38;5;3m +0ms[39m
[32m[Nest] 42360  - [39m01/18/2026, 2:05:23 PM [32m    LOG[39m [38;5;3m[InstanceLoader] [39m[32mWhatsappButtonModule dependencies initialized[39m[38;5;3m +1ms[39m
[32m[Nest] 42360  - [39m01/18/2026, 2:05:23 PM [32m    LOG[39m [38;5;3m[InstanceLoader] [39m[32mWhatsappLastMessageModule dependencies initialized[39m[38;5;3m +0ms[39m
[32m[Nest] 42360  - [39m01/18/2026, 2:05:23 PM [32m    LOG[39m [38;5;3m[InstanceLoader] [39m[32mAppModule dependencies initialized[39m[38;5;3m +1ms[39m
[32m[Nest] 42360  - [39m01/18/2026, 2:05:23 PM [32m    LOG[39m [38;5;3m[InstanceLoader] [39m[32mCommunicationWhapiModule dependencies initialized[39m[38;5;3m +0ms[39m
[32m[Nest] 42360  - [39m01/18/2026, 2:05:23 PM [32m    LOG[39m [38;5;3m[InstanceLoader] [39m[32mConfigModule dependencies initialized[39m[38;5;3m +0ms[39m
[32m[Nest] 42360  - [39m01/18/2026, 2:05:23 PM [32m    LOG[39m [38;5;3m[InstanceLoader] [39m[32mConfigModule dependencies initialized[39m[38;5;3m +0ms[39m
[32m[Nest] 42360  - [39m01/18/2026, 2:05:23 PM [32m    LOG[39m [38;5;3m[InstanceLoader] [39m[32mJwtModule dependencies initialized[39m[38;5;3m +96ms[39m
[31m[Nest] 42360  - [39m01/18/2026, 2:05:23 PM [31m  ERROR[39m [38;5;3m[TypeOrmModule] [39m[31mUnable to connect to the database. Retrying (1)...[39m
AggregateError [ECONNREFUSED]:
    at internalConnectMultiple (node:net:1134:18)
    at afterConnectMultiple (node:net:1715:7)
    --------------------
    at Protocol._enqueue (/app/message_whatsapp/node_modules/mysql/lib/protocol/Protocol.js:144:48)
    at Protocol.handshake (/app/message_whatsapp/node_modules/mysql/lib/protocol/Protocol.js:51:23)
    at PoolConnection.connect (/app/message_whatsapp/node_modules/mysql/lib/Connection.js:116:18)
    at Pool.getConnection (/app/message_whatsapp/node_modules/mysql/lib/Pool.js:48:16)
    at <anonymous> (/app/message_whatsapp/node_modules/typeorm/driver/src/driver/mysql/MysqlDriver.ts:1314:18)
    at new Promise (<anonymous>)
    at MysqlDriver.createPool (/app/message_whatsapp/node_modules/typeorm/driver/src/driver/mysql/MysqlDriver.ts:1311:16)
    at MysqlDriver.connect (/app/message_whatsapp/node_modules/typeorm/driver/src/driver/mysql/MysqlDriver.ts:388:36)
    at DataSource.initialize (/app/message_whatsapp/node_modules/typeorm/data-source/src/data-source/DataSource.ts:254:27)
    at /app/message_whatsapp/node_modules/@nestjs/typeorm/dist/typeorm-core.module.js:189:30
[31m[Nest] 42360  - [39m01/18/2026, 2:05:23 PM [31m  ERROR[39m [38;5;3m[ExceptionHandler] [39mAggregateError [ECONNREFUSED]:
[90m    at internalConnectMultiple (node:net:1134:18)[39m
[90m    at afterConnectMultiple (node:net:1715:7)[39m
    --------------------
    at Protocol._enqueue [90m(/app/message_whatsapp/[39mnode_modules/[4mmysql[24m/lib/protocol/Protocol.js:144:48[90m)[39m
    at Protocol.handshake [90m(/app/message_whatsapp/[39mnode_modules/[4mmysql[24m/lib/protocol/Protocol.js:51:23[90m)[39m
    at PoolConnection.connect [90m(/app/message_whatsapp/[39mnode_modules/[4mmysql[24m/lib/Connection.js:116:18[90m)[39m
    at Pool.getConnection [90m(/app/message_whatsapp/[39mnode_modules/[4mmysql[24m/lib/Pool.js:48:16[90m)[39m
    at <anonymous> [90m(/app/message_whatsapp/[39mnode_modules/[4mtypeorm[24m/driver/src/driver/mysql/MysqlDriver.ts:1314:18[90m)[39m
    at new Promise (<anonymous>)
    at MysqlDriver.createPool [90m(/app/message_whatsapp/[39mnode_modules/[4mtypeorm[24m/driver/src/driver/mysql/MysqlDriver.ts:1311:16[90m)[39m
    at MysqlDriver.connect [90m(/app/message_whatsapp/[39mnode_modules/[4mtypeorm[24m/driver/src/driver/mysql/MysqlDriver.ts:388:36[90m)[39m
    at DataSource.initialize [90m(/app/message_whatsapp/[39mnode_modules/[4mtypeorm[24m/data-source/src/data-source/DataSource.ts:254:27[90m)[39m
    at [90m/app/message_whatsapp/[39mnode_modules/[4m@nestjs/typeorm[24m/dist/typeorm-core.module.js:189:30 {
  code: [32m'ECONNREFUSED'[39m,
  fatal: [33mtrue[39m,
  [errors]: [
    Error: connect ECONNREFUSED ::1:3306
    [90m    at createConnectionError (node:net:1678:14)[39m
    [90m    at afterConnectMultiple (node:net:1708:16)[39m {
      errno: [33m-111[39m,
      code: [32m'ECONNREFUSED'[39m,
      syscall: [32m'connect'[39m,
      address: [32m'::1'[39m,
      port: [33m3306[39m
    },
    Error: connect ECONNREFUSED 127.0.0.1:3306
    [90m    at createConnectionError (node:net:1678:14)[39m
    [90m    at afterConnectMultiple (node:net:1708:16)[39m {
      errno: [33m-111[39m,
      code: [32m'ECONNREFUSED'[39m,
      syscall: [32m'connect'[39m,
      address: [32m'127.0.0.1'[39m,
      port: [33m3306[39m
    }
  ]
}
